<?xml version="1.0" encoding="utf-8"?><testsuites name="pytest tests"><testsuite name="pytest" errors="0" failures="0" skipped="0" tests="4" time="22.427" timestamp="2026-06-03T11:18:55.699206+00:00" hostname="agent-env-7e1f4122-4014-4cdf-b8c1-1f088c2c8ac8"><testcase classname="tests.test_mise_api" name="test_proxy_frame_returns_jpeg_and_headers" time="2.079" /><testcase classname="tests.test_mise_api" name="test_stream_url_returns_expected_payload" time="13.083" /><testcase classname="tests.test_mise_api" name="test_create_capture_and_persist_labels" time="1.824" /><testcase classname="tests.test_mise_api" name="test_start_session_increments_frames_and_can_stop" time="5.377" /></testsuite></testsuites>