<?xml version="1.0" encoding="utf-8"?><testsuites name="pytest tests"><testsuite name="pytest" errors="0" failures="0" skipped="0" tests="8" time="25.628" timestamp="2026-06-04T05:39:50.518441+00:00" hostname="agent-env-7e1f4122-4014-4cdf-b8c1-1f088c2c8ac8"><testcase classname="tests.test_mise_api" name="test_proxy_frame_returns_jpeg_and_headers" time="1.910" /><testcase classname="tests.test_mise_api" name="test_stream_url_returns_expected_payload" time="12.967" /><testcase classname="tests.test_mise_api" name="test_create_capture_and_persist_labels" time="1.674" /><testcase classname="tests.test_mise_api" name="test_start_session_increments_frames_and_can_stop" time="5.421" /><testcase classname="tests.test_mise_api_contracts" name="test_post_capture_still_creates_capture" time="0.918" /><testcase classname="tests.test_mise_api_contracts" name="test_get_captures_returns_lightweight_metadata_without_base64" time="0.001" /><testcase classname="tests.test_mise_api_contracts" name="test_get_capture_image_endpoint_returns_jpeg_bytes" time="0.002" /><testcase classname="tests.test_mise_api_contracts" name="test_capture_store_capped_to_20_records" time="2.667" /></testsuite></testsuites>